<?xml version="1.0" encoding="UTF-8"?>
<!-- Generated by org.testng.reporters.JUnitReportReporter -->
<testsuite hostname="Prasanna" failures="0" tests="7" name="ZenkenINDIA.Sample" time="53.152" errors="0" timestamp="2024-02-05T18:10:36 IST" skipped="0">
  <testcase classname="ZenkenINDIA.Sample" name="invalidLoginBlankFields" time="6.049"/>
  <system-out/>
  <testcase classname="ZenkenINDIA.Sample" name="validLogin" time="14.680"/>
  <system-out/>
  <testcase classname="ZenkenINDIA.Sample" name="invalidLoginIncorrectPassword" time="6.410"/>
  <system-out/>
  <testcase classname="ZenkenINDIA.Sample" name="invalidLoginIdBlank" time="5.720"/>
  <system-out/>
  <testcase classname="ZenkenINDIA.Sample" name="invalidLoginPasswordBlank" time="6.093"/>
  <system-out/>
  <testcase classname="ZenkenINDIA.Sample" name="invalidLoginInvalidId" time="5.695"/>
  <system-out/>
  <testcase classname="ZenkenINDIA.Sample" name="invalidLoginIncorrectId" time="8.505"/>
  <system-out/>
</testsuite> <!-- ZenkenINDIA.Sample -->
