<?xml version="1.0" encoding="UTF-8"?>
<!-- Generated by org.testng.reporters.JUnitReportReporter -->
<testsuite hostname="Prasanna" failures="0" tests="7" name="zenkenIndia.company.Login" time="88.420" errors="0" timestamp="2024-02-07T17:48:29 IST" skipped="0">
  <testcase classname="zenkenIndia.company.Login" name="invalidLoginBlankFields" time="8.671"/>
  <system-out/>
  <testcase classname="zenkenIndia.company.Login" name="invalidLoginIncorrectPassword" time="9.402"/>
  <system-out/>
  <testcase classname="zenkenIndia.company.Login" name="invalidLoginIncorrectId" time="9.863"/>
  <system-out/>
  <testcase classname="zenkenIndia.company.Login" name="invalidLoginPasswordBlank" time="22.483"/>
  <system-out/>
  <testcase classname="zenkenIndia.company.Login" name="invalidLoginInvalidId" time="5.504"/>
  <system-out/>
  <testcase classname="zenkenIndia.company.Login" name="validLogin" time="12.700"/>
  <system-out/>
  <testcase classname="zenkenIndia.company.Login" name="invalidLoginIdBlank" time="19.797"/>
  <system-out/>
</testsuite> <!-- zenkenIndia.company.Login -->
