<?xml version="1.0" encoding="UTF-8"?>
<!-- Generated by org.testng.reporters.JUnitReportReporter -->
<testsuite hostname="Prasanna" failures="0" tests="7" name="zenkenIndia.company.Login" time="102.170" errors="0" timestamp="2024-02-14T15:19:42 IST" skipped="0">
  <testcase classname="zenkenIndia.company.Login" name="invalidLoginIncorrectId" time="8.276"/>
  <system-out/>
  <testcase classname="zenkenIndia.company.Login" name="invalidLoginPasswordBlank" time="29.135"/>
  <system-out/>
  <testcase classname="zenkenIndia.company.Login" name="validLogin" time="14.833"/>
  <system-out/>
  <testcase classname="zenkenIndia.company.Login" name="invalidLoginInvalidId" time="10.895"/>
  <system-out/>
  <testcase classname="zenkenIndia.company.Login" name="invalidLoginIdBlank" time="14.458"/>
  <system-out/>
  <testcase classname="zenkenIndia.company.Login" name="invalidLoginIncorrectPassword" time="10.994"/>
  <system-out/>
  <testcase classname="zenkenIndia.company.Login" name="invalidLoginBlankFields" time="13.579"/>
  <system-out/>
</testsuite> <!-- zenkenIndia.company.Login -->
