<?xml version="1.0" encoding="UTF-8"?>
<!-- Generated by org.testng.reporters.JUnitReportReporter -->
<testsuite hostname="Prasanna" failures="0" tests="1" name="ZenkenINDIA.Sample" time="45.882" errors="0" timestamp="2024-02-02T15:29:36 IST" skipped="0">
  <testcase classname="ZenkenINDIA.Sample" name="invalidLoginIdBlank" time="45.882"/>
  <system-out/>
</testsuite> <!-- ZenkenINDIA.Sample -->
