<?xml version="1.0" encoding="UTF-8"?>
<!-- Generated by org.testng.reporters.JUnitReportReporter -->
<testsuite hostname="Prasanna" failures="0" tests="1" name="zenkenIndia.candidate.Login" time="10.089" errors="0" timestamp="2024-02-15T14:34:14 IST" skipped="0">
  <testcase classname="zenkenIndia.candidate.Login" name="invalidLoginBlankFields" time="10.089"/>
  <system-out/>
</testsuite> <!-- zenkenIndia.candidate.Login -->
