<?xml version="1.0" encoding="UTF-8"?>
<!-- Generated by org.testng.reporters.JUnitReportReporter -->
<testsuite hostname="Prasanna" failures="0" tests="7" name="zenkenIndia.candidate.Login" time="52.910" errors="0" timestamp="2024-02-07T17:45:52 IST" skipped="0">
  <testcase classname="zenkenIndia.candidate.Login" name="validLogin" time="13.727"/>
  <system-out/>
  <testcase classname="zenkenIndia.candidate.Login" name="invalidLoginIncorrectId" time="5.632"/>
  <system-out/>
  <testcase classname="zenkenIndia.candidate.Login" name="invalidLoginInvalidId" time="5.404"/>
  <system-out/>
  <testcase classname="zenkenIndia.candidate.Login" name="invalidLoginBlankFields" time="8.072"/>
  <system-out/>
  <testcase classname="zenkenIndia.candidate.Login" name="invalidLoginPasswordBlank" time="5.395"/>
  <system-out/>
  <testcase classname="zenkenIndia.candidate.Login" name="invalidLoginIdBlank" time="7.016"/>
  <system-out/>
  <testcase classname="zenkenIndia.candidate.Login" name="invalidLoginIncorrectPassword" time="7.664"/>
  <system-out/>
</testsuite> <!-- zenkenIndia.candidate.Login -->
