<?xml version="1.0" encoding="UTF-8"?>
<!-- Generated by org.testng.reporters.JUnitReportReporter -->
<testsuite hostname="Prasanna" failures="0" tests="7" name="zenkenIndia.company.Login" time="90.277" errors="0" timestamp="2024-02-13T16:37:25 IST" skipped="0">
  <testcase classname="zenkenIndia.company.Login" name="invalidLoginIdBlank" time="19.379"/>
  <system-out/>
  <testcase classname="zenkenIndia.company.Login" name="invalidLoginBlankFields" time="9.746"/>
  <system-out/>
  <testcase classname="zenkenIndia.company.Login" name="invalidLoginIncorrectId" time="15.017"/>
  <system-out/>
  <testcase classname="zenkenIndia.company.Login" name="invalidLoginPasswordBlank" time="18.851"/>
  <system-out/>
  <testcase classname="zenkenIndia.company.Login" name="invalidLoginIncorrectPassword" time="9.902"/>
  <system-out/>
  <testcase classname="zenkenIndia.company.Login" name="invalidLoginInvalidId" time="10.209"/>
  <system-out/>
  <testcase classname="zenkenIndia.company.Login" name="validLogin" time="7.173"/>
  <system-out/>
</testsuite> <!-- zenkenIndia.company.Login -->
