<?xml version="1.0" encoding="UTF-8"?>
<!-- Generated by org.testng.reporters.JUnitReportReporter -->
<testsuite hostname="Prasanna" failures="0" tests="11" name="zenkenIndia.candidate.NewRegistration" time="127.954" errors="0" timestamp="2024-02-22T17:11:22 IST" skipped="0">
  <testcase classname="zenkenIndia.candidate.NewRegistration" name="verifyDropdowns" time="9.518"/>
  <system-out/>
  <testcase classname="zenkenIndia.candidate.NewRegistration" name="invalidRegBlankFields" time="7.325"/>
  <system-out/>
  <testcase classname="zenkenIndia.candidate.NewRegistration" name="invalidRegInvalidPass3" time="7.473"/>
  <system-out/>
  <testcase classname="zenkenIndia.candidate.NewRegistration" name="invalidRegInvalidPass2" time="9.330"/>
  <system-out/>
  <testcase classname="zenkenIndia.candidate.NewRegistration" name="invalidRegExceedFields" time="9.710"/>
  <system-out/>
  <testcase classname="zenkenIndia.candidate.NewRegistration" name="invalidRegExistingEmail" time="7.565"/>
  <system-out/>
  <testcase classname="zenkenIndia.candidate.NewRegistration" name="invalidRegInvalidId" time="37.357"/>
  <system-out/>
  <testcase classname="zenkenIndia.candidate.NewRegistration" name="invalidRegInvalidPass1" time="17.571"/>
  <system-out/>
  <testcase classname="zenkenIndia.candidate.NewRegistration" name="invalidRegInvalidPass4" time="7.927"/>
  <system-out/>
  <testcase classname="zenkenIndia.candidate.NewRegistration" name="verifyRadioButtons" time="6.026"/>
  <system-out/>
  <testcase classname="zenkenIndia.candidate.NewRegistration" name="validRegistration" time="8.152"/>
  <system-out/>
</testsuite> <!-- zenkenIndia.candidate.NewRegistration -->
