<?xml version="1.0" encoding="UTF-8"?>
<!-- Generated by org.testng.reporters.JUnitReportReporter -->
<testsuite hostname="Prasanna" failures="0" tests="7" name="zenkenIndia.company.Login" time="95.819" errors="0" timestamp="2024-02-21T14:42:19 IST" skipped="0">
  <testcase classname="zenkenIndia.company.Login" name="invalidLoginBlankFields" time="9.602"/>
  <system-out/>
  <testcase classname="zenkenIndia.company.Login" name="invalidLoginInvalidId" time="9.053"/>
  <system-out/>
  <testcase classname="zenkenIndia.company.Login" name="invalidLoginIncorrectPassword" time="10.395"/>
  <system-out/>
  <testcase classname="zenkenIndia.company.Login" name="invalidLoginPasswordBlank" time="19.118"/>
  <system-out/>
  <testcase classname="zenkenIndia.company.Login" name="validLogin" time="15.199"/>
  <system-out/>
  <testcase classname="zenkenIndia.company.Login" name="invalidLoginIncorrectId" time="10.602"/>
  <system-out/>
  <testcase classname="zenkenIndia.company.Login" name="invalidLoginIdBlank" time="21.850"/>
  <system-out/>
</testsuite> <!-- zenkenIndia.company.Login -->
