<?xml version="1.0" encoding="UTF-8"?>
<!-- Generated by org.testng.reporters.JUnitReportReporter -->
<testsuite hostname="Prasanna" failures="0" tests="7" name="zenkenIndia.candidate.Login" time="69.443" errors="0" timestamp="2024-02-21T14:40:28 IST" skipped="0">
  <testcase classname="zenkenIndia.candidate.Login" name="invalidLoginIncorrectId" time="5.881"/>
  <system-out/>
  <testcase classname="zenkenIndia.candidate.Login" name="invalidLoginPasswordBlank" time="15.431"/>
  <system-out/>
  <testcase classname="zenkenIndia.candidate.Login" name="invalidLoginIdBlank" time="17.302"/>
  <system-out/>
  <testcase classname="zenkenIndia.candidate.Login" name="invalidLoginInvalidId" time="5.881"/>
  <system-out/>
  <testcase classname="zenkenIndia.candidate.Login" name="validLogin" time="13.281"/>
  <system-out/>
  <testcase classname="zenkenIndia.candidate.Login" name="invalidLoginBlankFields" time="5.513"/>
  <system-out/>
  <testcase classname="zenkenIndia.candidate.Login" name="invalidLoginIncorrectPassword" time="6.154"/>
  <system-out/>
</testsuite> <!-- zenkenIndia.candidate.Login -->
